mode: set
github.com/anuragpal/city-falcon-test/api/main.go:8.13,11.2 2 0
github.com/anuragpal/city-falcon-test/api/main.go:13.25,16.2 2 1
github.com/anuragpal/city-falcon-test/api/app/utils/main.go:10.33,11.18 1 1
github.com/anuragpal/city-falcon-test/api/app/utils/main.go:11.18,13.6 1 1
github.com/anuragpal/city-falcon-test/api/app/utils/main.go:14.5,15.39 2 1
github.com/anuragpal/city-falcon-test/api/app/utils/main.go:18.39,21.24 3 1
github.com/anuragpal/city-falcon-test/api/app/utils/main.go:21.24,23.61 2 1
github.com/anuragpal/city-falcon-test/api/app/utils/main.go:23.61,25.10 1 0
github.com/anuragpal/city-falcon-test/api/app/utils/main.go:27.5,27.38 1 1
github.com/anuragpal/city-falcon-test/api/app/utils/main.go:27.38,29.6 1 0
github.com/anuragpal/city-falcon-test/api/app/utils/main.go:30.5,30.15 1 1
github.com/anuragpal/city-falcon-test/api/app/default.go:7.34,9.2 1 1
github.com/anuragpal/city-falcon-test/api/app/main.go:15.39,39.2 12 1
github.com/anuragpal/city-falcon-test/api/app/models/init.go:17.13,23.19 5 1
github.com/anuragpal/city-falcon-test/api/app/models/init.go:23.19,25.6 1 0
github.com/anuragpal/city-falcon-test/api/app/models/init.go:27.5,34.19 3 1
github.com/anuragpal/city-falcon-test/api/app/models/init.go:34.19,36.6 1 0
github.com/anuragpal/city-falcon-test/api/app/models/stats.go:22.60,35.22 6 1
github.com/anuragpal/city-falcon-test/api/app/models/stats.go:35.22,39.6 3 1
github.com/anuragpal/city-falcon-test/api/app/models/stats.go:41.5,42.29 2 1
github.com/anuragpal/city-falcon-test/api/app/models/stats.go:42.29,44.6 1 1
github.com/anuragpal/city-falcon-test/api/app/models/stats.go:46.5,46.21 1 1
github.com/anuragpal/city-falcon-test/api/app/models/stats.go:46.21,48.6 1 1
github.com/anuragpal/city-falcon-test/api/app/models/stats.go:50.5,53.19 3 1
github.com/anuragpal/city-falcon-test/api/app/models/stats.go:53.19,56.6 2 0
github.com/anuragpal/city-falcon-test/api/app/models/stats.go:58.5,59.19 2 1
github.com/anuragpal/city-falcon-test/api/app/models/stats.go:59.19,62.6 2 0
github.com/anuragpal/city-falcon-test/api/app/models/stats.go:64.5,82.23 7 1
github.com/anuragpal/city-falcon-test/api/app/models/stats.go:82.23,85.6 2 0
github.com/anuragpal/city-falcon-test/api/app/models/stats.go:87.5,87.21 1 1
github.com/anuragpal/city-falcon-test/api/app/models/stats.go:87.21,90.27 3 1
github.com/anuragpal/city-falcon-test/api/app/models/stats.go:90.27,93.10 2 0
github.com/anuragpal/city-falcon-test/api/app/models/stats.go:94.9,94.36 1 1
github.com/anuragpal/city-falcon-test/api/app/models/stats.go:97.5,104.22 1 1
github.com/anuragpal/city-falcon-test/api/app/models/user.go:29.52,37.19 3 1
github.com/anuragpal/city-falcon-test/api/app/models/user.go:37.19,40.6 2 1
github.com/anuragpal/city-falcon-test/api/app/models/user.go:40.11,43.6 2 1
github.com/anuragpal/city-falcon-test/api/app/models/user.go:44.5,45.19 2 1
github.com/anuragpal/city-falcon-test/api/app/models/user.go:45.19,47.6 1 0
github.com/anuragpal/city-falcon-test/api/app/models/user.go:49.5,50.19 2 1
github.com/anuragpal/city-falcon-test/api/app/models/user.go:50.19,52.6 1 0
github.com/anuragpal/city-falcon-test/api/app/models/user.go:54.5,54.16 1 1
github.com/anuragpal/city-falcon-test/api/app/models/user.go:54.16,56.6 1 1
github.com/anuragpal/city-falcon-test/api/app/models/user.go:57.5,57.15 1 1
github.com/anuragpal/city-falcon-test/api/app/models/user.go:60.57,61.40 1 1
github.com/anuragpal/city-falcon-test/api/app/models/user.go:61.40,63.6 1 1
github.com/anuragpal/city-falcon-test/api/app/models/user.go:64.5,64.15 1 1
github.com/anuragpal/city-falcon-test/api/app/models/user.go:67.32,75.2 1 1
github.com/anuragpal/city-falcon-test/api/app/models/user.go:77.38,79.19 2 1
github.com/anuragpal/city-falcon-test/api/app/models/user.go:79.19,82.6 2 0
github.com/anuragpal/city-falcon-test/api/app/models/user.go:84.5,85.22 2 1
github.com/anuragpal/city-falcon-test/api/app/models/user.go:85.22,88.6 2 0
github.com/anuragpal/city-falcon-test/api/app/models/user.go:90.5,97.19 3 1
github.com/anuragpal/city-falcon-test/api/app/models/user.go:97.19,100.6 2 0
github.com/anuragpal/city-falcon-test/api/app/models/user.go:101.5,101.54 1 1
github.com/anuragpal/city-falcon-test/api/app/models/user.go:104.42,110.2 1 1
github.com/anuragpal/city-falcon-test/api/app/models/user.go:112.41,114.17 2 1
github.com/anuragpal/city-falcon-test/api/app/models/user.go:114.17,116.6 1 1
github.com/anuragpal/city-falcon-test/api/app/models/user.go:118.5,119.19 2 1
github.com/anuragpal/city-falcon-test/api/app/models/user.go:119.19,122.6 2 0
github.com/anuragpal/city-falcon-test/api/app/models/user.go:124.5,126.25 3 1
github.com/anuragpal/city-falcon-test/api/app/models/user.go:126.25,129.6 2 0
github.com/anuragpal/city-falcon-test/api/app/models/user.go:131.5,131.39 1 1
github.com/anuragpal/city-falcon-test/api/app/models/user.go:134.41,136.17 2 1
github.com/anuragpal/city-falcon-test/api/app/models/user.go:136.17,139.6 2 0
github.com/anuragpal/city-falcon-test/api/app/models/user.go:141.5,143.22 3 1
github.com/anuragpal/city-falcon-test/api/app/models/user.go:143.22,146.3 2 0
github.com/anuragpal/city-falcon-test/api/app/models/user.go:147.5,147.39 1 1
github.com/anuragpal/city-falcon-test/api/app/models/user.go:150.51,163.22 6 1
github.com/anuragpal/city-falcon-test/api/app/models/user.go:163.22,167.6 3 1
github.com/anuragpal/city-falcon-test/api/app/models/user.go:169.5,170.29 2 1
github.com/anuragpal/city-falcon-test/api/app/models/user.go:170.29,172.6 1 1
github.com/anuragpal/city-falcon-test/api/app/models/user.go:174.5,174.21 1 1
github.com/anuragpal/city-falcon-test/api/app/models/user.go:174.21,176.6 1 1
github.com/anuragpal/city-falcon-test/api/app/models/user.go:178.5,181.19 3 1
github.com/anuragpal/city-falcon-test/api/app/models/user.go:181.19,184.6 2 0
github.com/anuragpal/city-falcon-test/api/app/models/user.go:186.5,187.19 2 1
github.com/anuragpal/city-falcon-test/api/app/models/user.go:187.19,190.6 2 0
github.com/anuragpal/city-falcon-test/api/app/models/user.go:192.5,210.23 7 1
github.com/anuragpal/city-falcon-test/api/app/models/user.go:210.23,213.6 2 0
github.com/anuragpal/city-falcon-test/api/app/models/user.go:215.5,215.21 1 1
github.com/anuragpal/city-falcon-test/api/app/models/user.go:215.21,218.27 3 1
github.com/anuragpal/city-falcon-test/api/app/models/user.go:218.27,221.10 2 0
github.com/anuragpal/city-falcon-test/api/app/models/user.go:222.9,222.36 1 1
github.com/anuragpal/city-falcon-test/api/app/models/user.go:225.5,232.22 1 1
github.com/anuragpal/city-falcon-test/api/app/models/user.go:235.42,252.19 3 1
github.com/anuragpal/city-falcon-test/api/app/models/user.go:252.19,255.6 2 0
github.com/anuragpal/city-falcon-test/api/app/models/user.go:257.5,258.44 2 1
github.com/anuragpal/city-falcon-test/api/app/models/user.go:258.44,261.6 2 0
github.com/anuragpal/city-falcon-test/api/app/models/user.go:261.11,261.36 1 1
github.com/anuragpal/city-falcon-test/api/app/models/user.go:261.36,264.6 2 0
github.com/anuragpal/city-falcon-test/api/app/models/user.go:265.5,265.48 1 1
github.com/anuragpal/city-falcon-test/api/app/models/user.go:268.43,278.19 3 1
github.com/anuragpal/city-falcon-test/api/app/models/user.go:278.19,281.6 2 0
github.com/anuragpal/city-falcon-test/api/app/models/user.go:283.5,284.19 2 1
github.com/anuragpal/city-falcon-test/api/app/models/user.go:284.19,287.6 2 1
github.com/anuragpal/city-falcon-test/api/app/models/user.go:288.5,288.16 1 1
